2022-11-16 12:30:36.590  INFO 18168 --- [SpringApplicationShutdownHook] j.LocalContainerEntityManagerFactoryBean : Closing JPA EntityManagerFactory for persistence unit 'default'
2022-11-16 12:30:36.702  INFO 18168 --- [SpringApplicationShutdownHook] com.zaxxer.hikari.HikariDataSource       : HikariPool-1 - Shutdown initiated...
2022-11-16 12:30:36.716  INFO 18168 --- [SpringApplicationShutdownHook] com.zaxxer.hikari.HikariDataSource       : HikariPool-1 - Shutdown completed.
2022-11-16 12:35:27.619  INFO 4464 --- [restartedMain] com.student.ust.UstApplication           : Starting UstApplication using Java 1.8.0_241 on ustfsd65 with PID 4464 (C:\Users\ustjavafsdb218\Downloads\ust\ust\target\classes started by ustjavafsdb218 in C:\Users\ustjavafsdb218\Downloads\ust\ust)
2022-11-16 12:35:27.622 DEBUG 4464 --- [restartedMain] com.student.ust.UstApplication           : Running with Spring Boot v2.7.5, Spring v5.3.23
2022-11-16 12:35:27.622  INFO 4464 --- [restartedMain] com.student.ust.UstApplication           : The following 1 profile is active: "dev"
2022-11-16 12:35:27.706  INFO 4464 --- [restartedMain] .e.DevToolsPropertyDefaultsPostProcessor : Devtools property defaults active! Set 'spring.devtools.add-properties' to 'false' to disable
2022-11-16 12:35:27.707  INFO 4464 --- [restartedMain] .e.DevToolsPropertyDefaultsPostProcessor : For additional web related logging consider setting the 'logging.level.web' property to 'DEBUG'
2022-11-16 12:35:29.284  INFO 4464 --- [restartedMain] .s.d.r.c.RepositoryConfigurationDelegate : Bootstrapping Spring Data JPA repositories in DEFAULT mode.
2022-11-16 12:35:29.368  INFO 4464 --- [restartedMain] .s.d.r.c.RepositoryConfigurationDelegate : Finished Spring Data repository scanning in 69 ms. Found 2 JPA repository interfaces.
2022-11-16 12:35:30.655  INFO 4464 --- [restartedMain] o.s.b.w.embedded.tomcat.TomcatWebServer  : Tomcat initialized with port(s): 9090 (http)
2022-11-16 12:35:30.675  INFO 4464 --- [restartedMain] o.apache.catalina.core.StandardService   : Starting service [Tomcat]
2022-11-16 12:35:30.676  INFO 4464 --- [restartedMain] org.apache.catalina.core.StandardEngine  : Starting Servlet engine: [Apache Tomcat/9.0.68]
2022-11-16 12:35:30.919  INFO 4464 --- [restartedMain] o.a.c.c.C.[Tomcat].[localhost].[/]       : Initializing Spring embedded WebApplicationContext
2022-11-16 12:35:30.920  INFO 4464 --- [restartedMain] w.s.c.ServletWebServerApplicationContext : Root WebApplicationContext: initialization completed in 3212 ms
2022-11-16 12:35:31.684  INFO 4464 --- [restartedMain] o.hibernate.jpa.internal.util.LogHelper  : HHH000204: Processing PersistenceUnitInfo [name: default]
2022-11-16 12:35:31.817  INFO 4464 --- [restartedMain] org.hibernate.Version                    : HHH000412: Hibernate ORM core version 5.6.12.Final
2022-11-16 12:35:32.187  INFO 4464 --- [restartedMain] o.hibernate.annotations.common.Version   : HCANN000001: Hibernate Commons Annotations {5.1.2.Final}
2022-11-16 12:35:32.408  INFO 4464 --- [restartedMain] com.zaxxer.hikari.HikariDataSource       : HikariPool-1 - Starting...
2022-11-16 12:35:33.211  INFO 4464 --- [restartedMain] com.zaxxer.hikari.HikariDataSource       : HikariPool-1 - Start completed.
2022-11-16 12:35:33.250  INFO 4464 --- [restartedMain] org.hibernate.dialect.Dialect            : HHH000400: Using dialect: org.hibernate.dialect.MySQL8Dialect
2022-11-16 12:35:35.010  INFO 4464 --- [restartedMain] o.h.e.t.j.p.i.JtaPlatformInitiator       : HHH000490: Using JtaPlatform implementation: [org.hibernate.engine.transaction.jta.platform.internal.NoJtaPlatform]
2022-11-16 12:35:35.030  INFO 4464 --- [restartedMain] j.LocalContainerEntityManagerFactoryBean : Initialized JPA EntityManagerFactory for persistence unit 'default'
2022-11-16 12:35:36.800  WARN 4464 --- [restartedMain] JpaBaseConfiguration$JpaWebConfiguration : spring.jpa.open-in-view is enabled by default. Therefore, database queries may be performed during view rendering. Explicitly configure spring.jpa.open-in-view to disable this warning
2022-11-16 12:35:37.057  INFO 4464 --- [restartedMain] pertySourcedRequestMappingHandlerMapping : Mapped URL path [/v2/api-docs] onto method [springfox.documentation.swagger2.web.Swagger2Controller#getDocumentation(String, HttpServletRequest)]
2022-11-16 12:35:37.274  INFO 4464 --- [restartedMain] o.s.b.d.a.OptionalLiveReloadServer       : LiveReload server is running on port 35729
2022-11-16 12:35:38.871  INFO 4464 --- [restartedMain] o.s.b.w.embedded.tomcat.TomcatWebServer  : Tomcat started on port(s): 9090 (http) with context path ''
2022-11-16 12:35:38.872  INFO 4464 --- [restartedMain] d.s.w.p.DocumentationPluginsBootstrapper : Context refreshed
2022-11-16 12:35:38.912  INFO 4464 --- [restartedMain] d.s.w.p.DocumentationPluginsBootstrapper : Found 1 custom documentation plugin(s)
2022-11-16 12:35:38.988  INFO 4464 --- [restartedMain] s.d.s.w.s.ApiListingReferenceScanner     : Scanning for api listing references
2022-11-16 12:35:39.147  INFO 4464 --- [restartedMain] .d.s.w.r.o.CachingOperationNameGenerator : Generating unique operation named: getUsingGET_1
2022-11-16 12:35:39.180  INFO 4464 --- [restartedMain] .d.s.w.r.o.CachingOperationNameGenerator : Generating unique operation named: addUsingPOST_1
2022-11-16 12:35:39.183  INFO 4464 --- [restartedMain] .d.s.w.r.o.CachingOperationNameGenerator : Generating unique operation named: deleteUsingDELETE_1
2022-11-16 12:35:39.188  INFO 4464 --- [restartedMain] .d.s.w.r.o.CachingOperationNameGenerator : Generating unique operation named: getUsingGET_2
2022-11-16 12:35:39.194  INFO 4464 --- [restartedMain] .d.s.w.r.o.CachingOperationNameGenerator : Generating unique operation named: putUsingPUT_1
2022-11-16 12:35:39.226  INFO 4464 --- [restartedMain] com.student.ust.UstApplication           : Started UstApplication in 12.231 seconds (JVM running for 13.252)
